<?xml version="1.0" encoding="UTF-8"?>
<!-- Generated by org.testng.reporters.JUnitReportReporter -->
<testsuite name="com.qmetry.qaf.automation.step.client.Scenario" tests="3" time="29.897" ignored="6" failures="0" timestamp="11 Jul 2017 11:01:53 GMT" skipped="0" hostname="A2ML21968" errors="0">
  <testcase name="Search Quantum with results" time="3.212" classname="com.qmetry.qaf.automation.step.client.Scenario"/>
  <testcase name="Search Quantum with results" time="3.580" classname="com.qmetry.qaf.automation.step.client.Scenario"/>
  <testcase name="Search Quantum" time="23.105" classname="com.qmetry.qaf.automation.step.client.Scenario"/>
  <testcase name="setupSuit" classname="com.qmetry.qaf.automation.ui.AbstractTestCase">
    <skipped/>
  </testcase> <!-- setupSuit -->
  <testcase name="setupTest" classname="com.qmetry.qaf.automation.ui.AbstractTestCase">
    <skipped/>
  </testcase> <!-- setupTest -->
  <testcase name="afterTest" classname="com.qmetry.qaf.automation.ui.AbstractTestCase">
    <skipped/>
  </testcase> <!-- afterTest -->
  <testcase name="Search Keyword Inline Data" classname="com.qmetry.qaf.automation.step.client.DataDrivenScenario">
    <skipped/>
  </testcase> <!-- Search Keyword Inline Data -->
  <testcase name="Search Keyword XML Data" classname="com.qmetry.qaf.automation.step.client.DataDrivenScenario">
    <skipped/>
  </testcase> <!-- Search Keyword XML Data -->
  <testcase name="Search Keyword CSV Data" classname="com.qmetry.qaf.automation.step.client.DataDrivenScenario">
    <skipped/>
  </testcase> <!-- Search Keyword CSV Data -->
</testsuite> <!-- com.qmetry.qaf.automation.step.client.Scenario -->
